08:22:27.603868300     src/PERSISTENCIA/usuaris.txt     tried to login with name madalin was able to true
08:23:05.907632700     src/MODEL/Usuari.java     Created users objects
08:23:24.713716300     src/PERSISTENCIA/usuaris.txt     checked if marti exists in file
08:23:35.577091500     src/PERSISTENCIA/usuaris.txt     added line marti|Marti12345@|client
08:23:56.268550700     src/MODEL/Usuari.java     Created users objects
08:29:43.332777700     src/PERSISTENCIA/usuaris.txt     tried to login with name xevi was able to true
08:37:49.141216800     src/PERSISTENCIA/serveis.txt     added line Bugaderia|10.0
08:37:49.144337800     src/PERSISTENCIA/serveis.txt     added line Esmorzar|11.5
08:37:49.144337800     src/PERSISTENCIA/serveis.txt     added line Dinar|20.9
08:37:49.146000400     src/PERSISTENCIA/serveis.txt     added line Sopar|18.0
08:37:49.148510800     src/PERSISTENCIA/clients.txt     added line Marc|1111111x|1998-02-25
08:37:49.150018200     src/PERSISTENCIA/habitacions.txt     added line 1|1|40.0
09:43:50.129771600     src/PERSISTENCIA/serveis.txt     checked if Bugaderia exists in file
09:43:50.135857800     src/PERSISTENCIA/serveis.txt     checked if Esmorzar exists in file
09:43:50.137959500     src/PERSISTENCIA/serveis.txt     checked if Dinar exists in file
09:43:50.138963     src/PERSISTENCIA/serveis.txt     checked if Sopar exists in file
09:43:50.139966900     src/MODEL/Servei.java     Created services instances
09:43:50.146472800     src/PERSISTENCIA/clients.txt     checked if 1111111x exists in file
09:43:50.147472100     src/MODEL/Client.java     Created client instances
09:46:40.102842600     src/PERSISTENCIA/serveis.txt     checked if Bugaderia exists in file
09:46:40.106180400     src/PERSISTENCIA/serveis.txt     checked if Esmorzar exists in file
09:46:40.107135300     src/PERSISTENCIA/serveis.txt     checked if Dinar exists in file
09:46:40.108135500     src/PERSISTENCIA/serveis.txt     checked if Sopar exists in file
09:46:40.108135500     src/MODEL/Servei.java     Created services instances
09:46:40.115531500     src/PERSISTENCIA/clients.txt     checked if 1111111x exists in file
09:46:40.116530     src/MODEL/Client.java     Created client instances
09:46:49.025829     src/PERSISTENCIA/serveis.txt     checked if Bugaderia exists in file
09:46:49.032348600     src/PERSISTENCIA/serveis.txt     checked if Esmorzar exists in file
09:46:49.033344400     src/PERSISTENCIA/serveis.txt     checked if Dinar exists in file
09:46:49.035347500     src/PERSISTENCIA/serveis.txt     checked if Sopar exists in file
09:46:49.036343600     src/MODEL/Servei.java     Created services instances
09:46:49.045295     src/PERSISTENCIA/clients.txt     checked if 1111111x exists in file
09:46:49.045295     src/MODEL/Client.java     Created client instances
09:49:13.783462900     src/PERSISTENCIA/serveis.txt     checked if Bugaderia exists in file
09:49:13.786566600     src/PERSISTENCIA/serveis.txt     checked if Esmorzar exists in file
09:49:13.787567500     src/PERSISTENCIA/serveis.txt     checked if Dinar exists in file
09:49:13.788566900     src/PERSISTENCIA/serveis.txt     checked if Sopar exists in file
09:49:13.788566900     src/MODEL/Servei.java     Created services instances
09:49:13.793668700     src/PERSISTENCIA/clients.txt     checked if 1111111x exists in file
09:49:13.793668700     src/MODEL/Client.java     Created client instances
09:49:32.637246100     src/PERSISTENCIA/serveis.txt     checked if Bugaderia exists in file
09:49:32.640937100     src/PERSISTENCIA/serveis.txt     checked if Esmorzar exists in file
09:49:32.641936400     src/PERSISTENCIA/serveis.txt     checked if Dinar exists in file
09:49:32.644452300     src/PERSISTENCIA/serveis.txt     checked if Sopar exists in file
09:49:32.644951100     src/MODEL/Servei.java     Created services instances
09:49:32.650449100     src/PERSISTENCIA/clients.txt     checked if 1111111x exists in file
09:49:32.651448300     src/MODEL/Client.java     Created client instances
09:51:03.685277900     src/PERSISTENCIA/serveis.txt     checked if Bugaderia exists in file
09:51:03.691339700     src/PERSISTENCIA/serveis.txt     checked if Esmorzar exists in file
09:51:03.692339600     src/PERSISTENCIA/serveis.txt     checked if Dinar exists in file
09:51:03.693344900     src/PERSISTENCIA/serveis.txt     checked if Sopar exists in file
09:51:03.694397500     src/MODEL/Servei.java     Created services instances
09:51:03.700486600     src/PERSISTENCIA/clients.txt     checked if 1111111x exists in file
09:51:03.701488400     src/MODEL/Client.java     Created client instances
09:51:34.946467500     src/PERSISTENCIA/serveis.txt     checked if Bugaderia exists in file
09:51:34.949979900     src/PERSISTENCIA/serveis.txt     checked if Esmorzar exists in file
09:51:34.950987200     src/PERSISTENCIA/serveis.txt     checked if Dinar exists in file
09:51:34.951988100     src/PERSISTENCIA/serveis.txt     checked if Sopar exists in file
09:51:34.951988100     src/MODEL/Servei.java     Created services instances
09:51:34.955986     src/PERSISTENCIA/clients.txt     checked if 1111111x exists in file
09:51:34.955986     src/MODEL/Client.java     Created client instances
09:51:34.961497100     src/PERSISTENCIA/habitacions.txt     checked if 1 1 exists in file
09:51:34.962497400     src/MODEL/Habitacion.java     Created room instances
09:52:42.114936100     src/PERSISTENCIA/serveis.txt     checked if Bugaderia exists in file
09:52:42.118929300     src/PERSISTENCIA/serveis.txt     checked if Esmorzar exists in file
09:52:42.120927800     src/PERSISTENCIA/serveis.txt     checked if Dinar exists in file
09:52:42.122434     src/PERSISTENCIA/serveis.txt     checked if Sopar exists in file
09:52:42.122434     src/MODEL/Servei.java     Created services instances
09:52:42.128440400     src/PERSISTENCIA/clients.txt     checked if 1111111x exists in file
09:52:42.128440400     src/MODEL/Client.java     Created client instances
09:52:42.132949600     src/PERSISTENCIA/habitacions.txt     checked if 1 1 exists in file
09:52:42.132949600     src/MODEL/Habitacion.java     Created room instances
09:52:46.952219700     src/PERSISTENCIA/usuaris.txt     tried to login with name xevi was able to true
09:53:06.363797600     src/PERSISTENCIA/clients.txt     checked if 12345678X exists in file
09:53:11.637136400     src/PERSISTENCIA/clients.txt     checked if 12345678X exists in file
09:53:11.640145     src/PERSISTENCIA/usuaris.txt     added line madalin|12345678X|2007-01-15
09:54:27.352461     src/PERSISTENCIA/habitacions.txt     checked if 1 2 exists in file
09:54:27.353460800     src/PERSISTENCIA/habitacions.txt     added line 1|2|50.0|false
09:56:01.355791800     src/PERSISTENCIA/serveis.txt     checked if Bugaderia exists in file
09:56:01.362885400     src/PERSISTENCIA/serveis.txt     checked if Esmorzar exists in file
09:56:01.364885400     src/PERSISTENCIA/serveis.txt     checked if Dinar exists in file
09:56:01.366890300     src/PERSISTENCIA/serveis.txt     checked if Sopar exists in file
09:56:01.367892700     src/MODEL/Servei.java     Created services instances
09:56:01.375025100     src/PERSISTENCIA/clients.txt     checked if 1111111x exists in file
09:56:01.375025100     src/MODEL/Client.java     Created client instances
09:56:01.380069900     src/PERSISTENCIA/habitacions.txt     checked if 1 1 exists in file
09:56:01.381065800     src/PERSISTENCIA/habitacions.txt     checked if 1 2 exists in file
09:56:01.382065200     src/MODEL/Habitacion.java     Created room instances
09:56:07.089748600     src/PERSISTENCIA/usuaris.txt     tried to login with name xevi was able to true
09:57:29.451883700     src/PERSISTENCIA/serveis.txt     checked if Bugaderia exists in file
09:57:29.458416     src/PERSISTENCIA/serveis.txt     checked if Esmorzar exists in file
09:57:29.459411200     src/PERSISTENCIA/serveis.txt     checked if Dinar exists in file
09:57:29.461412900     src/PERSISTENCIA/serveis.txt     checked if Sopar exists in file
09:57:29.461412900     src/MODEL/Servei.java     Created services instances
09:57:29.467937700     src/PERSISTENCIA/clients.txt     checked if 1111111x exists in file
09:57:29.467937700     src/MODEL/Client.java     Created client instances
09:57:29.471936     src/PERSISTENCIA/habitacions.txt     checked if 1 1 exists in file
09:57:29.472937700     src/PERSISTENCIA/habitacions.txt     checked if 1 2 exists in file
09:57:29.472937700     src/MODEL/Habitacion.java     Created room instances
09:57:39.819809600     src/PERSISTENCIA/usuaris.txt     tried to login with name xevi was able to true
09:57:50.584735900     src/PERSISTENCIA/clients.txt     checked if 1234567X exists in file
09:57:58.237196300     src/PERSISTENCIA/clients.txt     checked if 1234567X exists in file
09:57:58.240197100     src/PERSISTENCIA/clients.txt     added line Madlain|1234567X|2007-01-15
10:21:43.748405500     src/PERSISTENCIA/serveis.txt     checked if Bugaderia exists in file
10:21:43.751530900     src/PERSISTENCIA/serveis.txt     checked if Esmorzar exists in file
10:21:43.752530600     src/PERSISTENCIA/serveis.txt     checked if Dinar exists in file
10:21:43.753530400     src/PERSISTENCIA/serveis.txt     checked if Sopar exists in file
10:21:43.753530400     src/MODEL/Servei.java     Created services instances
10:21:43.758046700     src/PERSISTENCIA/clients.txt     checked if 1111111x exists in file
10:21:43.759045700     src/PERSISTENCIA/clients.txt     checked if 1234567X exists in file
10:21:43.759045700     src/MODEL/Client.java     Created client instances
10:21:43.762045500     src/PERSISTENCIA/habitacions.txt     checked if 1 1 exists in file
10:21:43.763044800     src/PERSISTENCIA/habitacions.txt     checked if 1 2 exists in file
10:21:43.763044800     src/MODEL/Habitacion.java     Created room instances
10:22:02.685735300     src/PERSISTENCIA/serveis.txt     checked if Bugaderia exists in file
10:22:02.689734900     src/PERSISTENCIA/serveis.txt     checked if Esmorzar exists in file
10:22:02.690733900     src/PERSISTENCIA/serveis.txt     checked if Dinar exists in file
10:22:02.691732800     src/PERSISTENCIA/serveis.txt     checked if Sopar exists in file
10:22:02.691732800     src/MODEL/Servei.java     Created services instances
10:22:02.696252     src/PERSISTENCIA/clients.txt     checked if 1111111x exists in file
10:22:02.698256300     src/PERSISTENCIA/clients.txt     checked if 1234567X exists in file
10:22:02.698256300     src/MODEL/Client.java     Created client instances
10:22:02.702266700     src/PERSISTENCIA/habitacions.txt     checked if 1 1 exists in file
10:22:02.704802     src/PERSISTENCIA/habitacions.txt     checked if 1 2 exists in file
10:22:02.704802     src/MODEL/Habitacion.java     Created room instances
10:22:05.997342200     src/PERSISTENCIA/usuaris.txt     tried to login with name xevi was able to true
10:22:18.135208800     src/PERSISTENCIA/usuaris.txt     deleted line Madlain|1234567X|2007-01-15
10:22:18.136716     src/PERSISTENCIA/clients.txt     added line Madalin|1234567X|2007-01-15
10:55:34.354455600     src/PERSISTENCIA/serveis.txt     checked if Bugaderia exists in file
10:55:34.359581900     src/PERSISTENCIA/serveis.txt     checked if Esmorzar exists in file
10:55:34.361596300     src/PERSISTENCIA/serveis.txt     checked if Dinar exists in file
10:55:34.362592800     src/PERSISTENCIA/serveis.txt     checked if Sopar exists in file
10:55:34.362592800     src/MODEL/Servei.java     Created services instances
10:55:34.367402900     src/PERSISTENCIA/clients.txt     checked if 1111111x exists in file
10:55:34.368909400     src/PERSISTENCIA/clients.txt     checked if 1234567X exists in file
10:55:34.369414300     src/MODEL/Client.java     Created client instances
10:55:34.373083100     src/PERSISTENCIA/habitacions.txt     checked if 1 1 exists in file
10:55:34.374084     src/PERSISTENCIA/habitacions.txt     checked if 1 2 exists in file
10:55:34.374705900     src/MODEL/Habitacion.java     Created room instances
10:55:38.182706600     src/PERSISTENCIA/usuaris.txt     tried to login with name xevi was able to true
10:55:47.619681700     src/PERSISTENCIA/habitacions.txt     checked if 1 3 exists in file
10:55:47.624790900     src/PERSISTENCIA/habitacions.txt     added line 1|3|30.0|false
10:57:14.073966500     src/PERSISTENCIA/serveis.txt     checked if Bugaderia exists in file
10:57:14.079471900     src/PERSISTENCIA/serveis.txt     checked if Esmorzar exists in file
10:57:14.080480700     src/PERSISTENCIA/serveis.txt     checked if Dinar exists in file
10:57:14.081481     src/PERSISTENCIA/serveis.txt     checked if Sopar exists in file
10:57:14.081481     src/MODEL/Servei.java     Created services instances
10:57:14.085991400     src/PERSISTENCIA/clients.txt     checked if 1111111x exists in file
10:57:14.087002700     src/PERSISTENCIA/clients.txt     checked if 1234567X exists in file
10:57:14.088000200     src/MODEL/Client.java     Created client instances
10:57:14.093348500     src/PERSISTENCIA/habitacions.txt     checked if 1 1 exists in file
10:57:14.094349     src/PERSISTENCIA/habitacions.txt     checked if 1 2 exists in file
10:57:14.095348500     src/PERSISTENCIA/habitacions.txt     checked if 1 3 exists in file
10:57:14.095348500     src/MODEL/Habitacion.java     Created room instances
10:57:19.619747900     src/PERSISTENCIA/usuaris.txt     tried to login with name xevi was able to true
10:57:31.809386100     src/PERSISTENCIA/usuaris.txt     deleted line 1|2|50.0|false
10:57:31.810401800     src/PERSISTENCIA/habitacions.txt     added line 2|2|50.0|false
10:57:40.094354600     src/PERSISTENCIA/usuaris.txt     deleted line 2|2|50.0|false
10:57:40.095351300     src/PERSISTENCIA/habitacions.txt     added line 2|1|50.0|false
10:58:51.782911200     src/PERSISTENCIA/serveis.txt     checked if Bugaderia exists in file
10:58:51.788289500     src/PERSISTENCIA/serveis.txt     checked if Esmorzar exists in file
10:58:51.789290700     src/PERSISTENCIA/serveis.txt     checked if Dinar exists in file
10:58:51.791434200     src/PERSISTENCIA/serveis.txt     checked if Sopar exists in file
10:58:51.791434200     src/MODEL/Servei.java     Created services instances
10:58:51.795600500     src/PERSISTENCIA/clients.txt     checked if 1111111x exists in file
10:58:51.796650100     src/PERSISTENCIA/clients.txt     checked if 1234567X exists in file
10:58:51.797602800     src/MODEL/Client.java     Created client instances
10:58:51.800700500     src/PERSISTENCIA/habitacions.txt     checked if 1 1 exists in file
10:58:51.801722800     src/PERSISTENCIA/habitacions.txt     checked if 1 3 exists in file
10:58:51.802730500     src/PERSISTENCIA/habitacions.txt     checked if 2 1 exists in file
10:58:51.802730500     src/MODEL/Habitacion.java     Created room instances
10:58:55.791411600     src/PERSISTENCIA/usuaris.txt     tried to login with name xevi was able to true
10:59:35.694559700     src/PERSISTENCIA/serveis.txt     checked if Bugaderia exists in file
10:59:35.697560300     src/PERSISTENCIA/serveis.txt     checked if Esmorzar exists in file
10:59:35.698591700     src/PERSISTENCIA/serveis.txt     checked if Dinar exists in file
10:59:35.699558300     src/PERSISTENCIA/serveis.txt     checked if Sopar exists in file
10:59:35.699558300     src/MODEL/Servei.java     Created services instances
10:59:35.704065     src/PERSISTENCIA/clients.txt     checked if 1111111x exists in file
10:59:35.704680300     src/PERSISTENCIA/clients.txt     checked if 1234567X exists in file
10:59:35.704680300     src/MODEL/Client.java     Created client instances
10:59:35.707686600     src/PERSISTENCIA/habitacions.txt     checked if 1 1 exists in file
10:59:35.708686400     src/PERSISTENCIA/habitacions.txt     checked if 1 3 exists in file
10:59:35.709686100     src/PERSISTENCIA/habitacions.txt     checked if 2 1 exists in file
10:59:35.709686100     src/MODEL/Habitacion.java     Created room instances
10:59:40.871971700     src/PERSISTENCIA/usuaris.txt     tried to login with name xevi was able to true
10:59:48.480164900     src/PERSISTENCIA/usuaris.txt     deleted line 2|1|50.0|false
10:59:48.481159700     src/PERSISTENCIA/habitacions.txt     added line 2|1|35.0|false
10:59:53.822330600     src/PERSISTENCIA/usuaris.txt     deleted line 2|1|35.0|false
11:00:36.237544300     src/PERSISTENCIA/serveis.txt     checked if spa exists in file
11:00:36.240553300     src/PERSISTENCIA/serveis.txt     added line spa|20.0
11:02:11.449715800     src/PERSISTENCIA/serveis.txt     checked if Bugaderia exists in file
11:02:11.454919200     src/PERSISTENCIA/serveis.txt     checked if Esmorzar exists in file
11:02:11.456919900     src/PERSISTENCIA/serveis.txt     checked if Dinar exists in file
11:02:11.458425300     src/PERSISTENCIA/serveis.txt     checked if Sopar exists in file
11:02:11.459434300     src/PERSISTENCIA/serveis.txt     checked if spa exists in file
11:02:11.459434300     src/MODEL/Servei.java     Created services instances
11:02:11.466438     src/PERSISTENCIA/clients.txt     checked if 1111111x exists in file
11:02:11.467434200     src/PERSISTENCIA/clients.txt     checked if 1234567X exists in file
11:02:11.467434200     src/MODEL/Client.java     Created client instances
11:02:11.471486200     src/PERSISTENCIA/habitacions.txt     checked if 1 1 exists in file
11:02:11.472522300     src/PERSISTENCIA/habitacions.txt     checked if 1 3 exists in file
11:02:11.472522300     src/MODEL/Habitacion.java     Created room instances
11:02:15.191595600     src/PERSISTENCIA/usuaris.txt     tried to login with name xevi was able to true
11:02:25.357300400     src/PERSISTENCIA/usuaris.txt     deleted line spa|20.0
11:02:25.358300800     src/PERSISTENCIA/serveis.txt     added line 22.0|20.0
11:02:28.745595300     src/PERSISTENCIA/usuaris.txt     deleted line 
11:03:40.742962600     src/PERSISTENCIA/serveis.txt     checked if Bugaderia exists in file
11:03:40.746468700     src/PERSISTENCIA/serveis.txt     checked if Esmorzar exists in file
11:03:40.747476     src/PERSISTENCIA/serveis.txt     checked if Dinar exists in file
11:03:40.748982800     src/PERSISTENCIA/serveis.txt     checked if Sopar exists in file
11:03:40.748982800     src/MODEL/Servei.java     Created services instances
11:03:40.753767200     src/PERSISTENCIA/clients.txt     checked if 1111111x exists in file
11:03:40.754768500     src/PERSISTENCIA/clients.txt     checked if 1234567X exists in file
11:03:40.754768500     src/MODEL/Client.java     Created client instances
11:03:40.757279300     src/PERSISTENCIA/habitacions.txt     checked if 1 1 exists in file
11:03:40.758279     src/PERSISTENCIA/habitacions.txt     checked if 1 3 exists in file
11:03:40.759279100     src/MODEL/Habitacion.java     Created room instances
11:03:45.207132600     src/PERSISTENCIA/usuaris.txt     tried to login with name xavi was able to false
11:03:49.612287800     src/PERSISTENCIA/usuaris.txt     tried to login with name xevi was able to true
11:03:56.440604500     src/PERSISTENCIA/serveis.txt     checked if spa exists in file
11:03:56.444581     src/PERSISTENCIA/serveis.txt     added line spa|20.0
11:04:05.555226700     src/PERSISTENCIA/usuaris.txt     deleted line spa|20.0
11:04:05.556227500     src/PERSISTENCIA/serveis.txt     added line spa1|20.0
11:04:15.617703300     src/PERSISTENCIA/usuaris.txt     deleted line spa1|20.0
11:05:29.245876900     src/PERSISTENCIA/serveis.txt     checked if Bugaderia exists in file
11:05:29.250386     src/PERSISTENCIA/serveis.txt     checked if Esmorzar exists in file
11:05:29.252387400     src/PERSISTENCIA/serveis.txt     checked if Dinar exists in file
11:05:29.254983100     src/PERSISTENCIA/serveis.txt     checked if Sopar exists in file
11:05:29.254983100     src/MODEL/Servei.java     Created services instances
11:05:29.260509300     src/PERSISTENCIA/clients.txt     checked if 1111111x exists in file
11:05:29.261510100     src/PERSISTENCIA/clients.txt     checked if 1234567X exists in file
11:05:29.262508800     src/MODEL/Client.java     Created client instances
11:05:29.268517300     src/PERSISTENCIA/habitacions.txt     checked if 1 1 exists in file
11:05:29.271760     src/PERSISTENCIA/habitacions.txt     checked if 1 3 exists in file
11:05:29.271760     src/MODEL/Habitacion.java     Created room instances
